


ARM Macro Assembler    Page 1 


    1 00000000         ;program to add two 16 bit numbers
    2 00000000         
    3 00000000                 AREA             RESET, DATA, READONLY
    4 00000000                 EXPORT           __Vectors
    5 00000000         
    6 00000000         __Vectors
    7 00000000 100000FF        DCD              0x100000FF  ;Stack pointer valu
                                                            e when stack is emp
                                                            ty
    8 00000004 00000000        DCD              Reset_Handler ;Reset vector
    9 00000008         
   10 00000008                 ALIGN
   11 00000008         
   12 00000008                 AREA             mycode, CODE, READONLY
   13 00000000                 EXPORT           Reset_Handler
   14 00000000                 ENTRY
   15 00000000         
   16 00000000         Reset_Handler
   17 00000000 E59F0020        LDR              R0, =Value1 ;Load the address o
                                                            f value1
   18 00000004 E1D010B0        LDRH             R1, [R0]    ;Store value locate
                                                            d at address pointe
                                                            d by R0
   19 00000008 E59F001C        LDR              R0, =Value2 ;Load address of Va
                                                            lue2
   20 0000000C E1D020B0        LDRH             R2, [R0]    ;Store value locate
                                                            d at address pointe
                                                            d by R0
   21 00000010 E0813002        ADD              R3, R1, R2  ;Store the sum of R
                                                            1 and R2 in R3
   22 00000014         
   23 00000014 E59F0014        LDR              R0, =Result ;Load the address o
                                                            f Result
   24 00000018 E1C030B0        STRH             R3, [R0]    ;Store the result i
                                                            n code memory
   25 0000001C         
   26 0000001C EAFFFFFE 
                       STOP    B                STOP
   27 00000020         
   28 00000020 34 12   Value1  DCW              0x1234
   29 00000022 00 00           ALIGN
   30 00000024 32 54   Value2  DCW              0x5432
   31 00000026 00 00           ALIGN
   32 00000028         
   33 00000028 00000000 
              00000000 
              00000000         AREA             data, DATA, READWRITE
   34 00000000 00 00   Result  DCW              0
   35 00000002                 END
Command Line: --debug --xref --diag_suppress=9931 --apcs=interwork --depend=.\o
bjects\add_16bit_numbers.d -o.\objects\add_16bit_numbers.o -IC:\Keil_v5\ARM\RV3
1\INC -IC:\Keil_v5\ARM\CMSIS\Include -IC:\Keil_v5\ARM\INC\Philips --predefine="
__EVAL SETA 1" --predefine="__UVISION_VERSION SETA 529" --list=.\listings\add_1
6bit_numbers.lst add_16bit_numbers.s



ARM Macro Assembler    Page 1 Alphabetic symbol ordering
Relocatable symbols

RESET 00000000

Symbol: RESET
   Definitions
      At line 3 in file add_16bit_numbers.s
   Uses
      None
Comment: RESET unused
__Vectors 00000000

Symbol: __Vectors
   Definitions
      At line 6 in file add_16bit_numbers.s
   Uses
      At line 4 in file add_16bit_numbers.s
Comment: __Vectors used once
2 symbols



ARM Macro Assembler    Page 1 Alphabetic symbol ordering
Relocatable symbols

Reset_Handler 00000000

Symbol: Reset_Handler
   Definitions
      At line 16 in file add_16bit_numbers.s
   Uses
      At line 8 in file add_16bit_numbers.s
      At line 13 in file add_16bit_numbers.s

STOP 0000001C

Symbol: STOP
   Definitions
      At line 26 in file add_16bit_numbers.s
   Uses
      At line 26 in file add_16bit_numbers.s
Comment: STOP used once
Value1 00000020

Symbol: Value1
   Definitions
      At line 28 in file add_16bit_numbers.s
   Uses
      At line 17 in file add_16bit_numbers.s
Comment: Value1 used once
Value2 00000024

Symbol: Value2
   Definitions
      At line 30 in file add_16bit_numbers.s
   Uses
      At line 19 in file add_16bit_numbers.s
Comment: Value2 used once
mycode 00000000

Symbol: mycode
   Definitions
      At line 12 in file add_16bit_numbers.s
   Uses
      None
Comment: mycode unused
5 symbols



ARM Macro Assembler    Page 1 Alphabetic symbol ordering
Relocatable symbols

Result 00000000

Symbol: Result
   Definitions
      At line 34 in file add_16bit_numbers.s
   Uses
      At line 23 in file add_16bit_numbers.s
Comment: Result used once
data 00000000

Symbol: data
   Definitions
      At line 33 in file add_16bit_numbers.s
   Uses
      None
Comment: data unused
2 symbols
343 symbols in table
