


ARM Macro Assembler    Page 1 


    1 00000000         ;read and store 5 32-bit numbers
    2 00000000         
    3 00000000                 AREA             RESET, DATA, READONLY
    4 00000000                 EXPORT           __Vectors
    5 00000000         
    6 00000000         __Vectors
    7 00000000 100000FF        DCD              0x100000FF  ;stack pointer valu
                                                            e when stack is emp
                                                            ty
    8 00000004 00000000        DCD              Reset_Handler ;Reset vector
    9 00000008         
   10 00000008                 ALIGN
   11 00000008         
   12 00000008                 AREA             mycode, CODE, READONLY
   13 00000000                 EXPORT           Reset_Handler
   14 00000000                 ENTRY
   15 00000000         
   16 00000000         Reset_Handler
   17 00000000 E3A00101        LDR              R0, =0x40000000 ;loading pointe
                                                            r to the 1st number
                                                            
   18 00000004 E5901000        LDR              R1, [R0]    ;Load 1st number
   19 00000008 E5B02004        LDR              R2, [R0, #4]! ;Increment memory
                                                             location by 4 byte
                                                            s and load next num
                                                            ber
   20 0000000C E5B03004        LDR              R3, [R0, #4]! ;Increment memory
                                                             location by 4 byte
                                                            s and load next num
                                                            ber
   21 00000010 E5B04004        LDR              R4, [R0, #4]! ;Increment memory
                                                             location by 4 byte
                                                            s and load next num
                                                            ber
   22 00000014 E5905004        LDR              R5, [R0, #4] ;Increment memory 
                                                            location by 4 bytes
                                                             and load next numb
                                                            er
   23 00000018         
   24 00000018 E59F0018        LDR              R0, =0x4000F000 ;loading pointe
                                                            r to the loaction w
                                                            here result has to 
                                                            be stored
   25 0000001C E5801000        STR              R1, [R0]    ;Store 1st number a
                                                            t 4000F000H
   26 00000020 E5A02004        STR              R2, [R0, #4]! ;Store next numbe
                                                            r at 4000F004H
   27 00000024 E5A03004        STR              R3, [R0, #4]! ;Store next numbe
                                                            r at 4000F008H
   28 00000028 E5A04004        STR              R4, [R0, #4]! ;Store next numbe
                                                            r at 4000F00CH
   29 0000002C E5805004        STR              R5, [R0, #4] ;Store next number
                                                             at 4000F010H
   30 00000030 E1A00000        NOP
   31 00000034 EAFFFFFE 
                       STOP    B                STOP
   32 00000038                 END
              4000F000 
Command Line: --debug --xref --diag_suppress=9931 --apcs=interwork --depend=.\o



ARM Macro Assembler    Page 2 


bjects\store_32bit_numbers.d -o.\objects\store_32bit_numbers.o -IC:\Keil_v5\ARM
\RV31\INC -IC:\Keil_v5\ARM\CMSIS\Include -IC:\Keil_v5\ARM\INC\Philips --predefi
ne="__EVAL SETA 1" --predefine="__UVISION_VERSION SETA 529" --list=.\listings\s
tore_32bit_numbers.lst store_32bit_numbers.s



ARM Macro Assembler    Page 1 Alphabetic symbol ordering
Relocatable symbols

RESET 00000000

Symbol: RESET
   Definitions
      At line 3 in file store_32bit_numbers.s
   Uses
      None
Comment: RESET unused
__Vectors 00000000

Symbol: __Vectors
   Definitions
      At line 6 in file store_32bit_numbers.s
   Uses
      At line 4 in file store_32bit_numbers.s
Comment: __Vectors used once
2 symbols



ARM Macro Assembler    Page 1 Alphabetic symbol ordering
Relocatable symbols

Reset_Handler 00000000

Symbol: Reset_Handler
   Definitions
      At line 16 in file store_32bit_numbers.s
   Uses
      At line 8 in file store_32bit_numbers.s
      At line 13 in file store_32bit_numbers.s

STOP 00000034

Symbol: STOP
   Definitions
      At line 31 in file store_32bit_numbers.s
   Uses
      At line 31 in file store_32bit_numbers.s
Comment: STOP used once
mycode 00000000

Symbol: mycode
   Definitions
      At line 12 in file store_32bit_numbers.s
   Uses
      None
Comment: mycode unused
3 symbols
339 symbols in table
