#-----------------------------------------------------------
# Vivado v2019.1 (64-bit)
# SW Build 2552052 on Fri May 24 14:49:42 MDT 2019
# IP Build 2548770 on Fri May 24 18:01:18 MDT 2019
# Start of session at: Thu Dec 15 16:38:11 2022
# Process ID: 13604
# Current directory: D:/Academic stuff/MSIS Github/Assignments/ACA/Verilog programs/Sessional 2 Lab/question1
# Command line: vivado.exe -gui_launcher_event rodinguilauncherevent14700 D:\Academic stuff\MSIS Github\Assignments\ACA\Verilog programs\Sessional 2 Lab\question1\question1.xpr
# Log file: D:/Academic stuff/MSIS Github/Assignments/ACA/Verilog programs/Sessional 2 Lab/question1/vivado.log
# Journal file: D:/Academic stuff/MSIS Github/Assignments/ACA/Verilog programs/Sessional 2 Lab/question1\vivado.jou
#-----------------------------------------------------------
start_gui
open_project {D:/Academic stuff/MSIS Github/Assignments/ACA/Verilog programs/Sessional 2 Lab/question1/question1.xpr}
INFO: [ProjectBase 1-489] The host OS only allows 260 characters in a normal path. The project is stored in a path with more than 80 characters. If you experience issues with IP, Block Designs, or files not being found, please consider moving the project to a location with a shorter path. Alternately consider using the OS subst command to map part of the path to a drive letter.
Current project path is 'D:/Academic stuff/MSIS Github/Assignments/ACA/Verilog programs/Sessional 2 Lab/question1'
Scanning sources...
Finished scanning sources
INFO: [IP_Flow 19-234] Refreshing IP repositories
INFO: [IP_Flow 19-1704] No user IP repositories specified
INFO: [IP_Flow 19-2313] Loaded Vivado IP repository 'D:/Embedded/Xilinx-Vivado/Vivado/2019.1/data/ip'.
update_compile_order -fileset sources_1
launch_simulation
INFO: [Vivado 12-5682] Launching behavioral simulation in 'D:/Academic stuff/MSIS Github/Assignments/ACA/Verilog programs/Sessional 2 Lab/question1/question1.sim/sim_1/behav/xsim'
INFO: [SIM-utils-51] Simulation object is 'sim_1'
INFO: [SIM-utils-54] Inspecting design source files for 'jk_ff_tb' in fileset 'sim_1'...
INFO: [USF-XSim-97] Finding global include files...
INFO: [USF-XSim-98] Fetching design files from 'sim_1'...
INFO: [USF-XSim-2] XSim::Compile design
INFO: [USF-XSim-61] Executing 'COMPILE and ANALYZE' step in 'D:/Academic stuff/MSIS Github/Assignments/ACA/Verilog programs/Sessional 2 Lab/question1/question1.sim/sim_1/behav/xsim'
"xvlog --incr --relax -prj jk_ff_tb_vlog.prj"
INFO: [USF-XSim-69] 'compile' step finished in '2' seconds
INFO: [USF-XSim-3] XSim::Elaborate design
INFO: [USF-XSim-61] Executing 'ELABORATE' step in 'D:/Academic stuff/MSIS Github/Assignments/ACA/Verilog programs/Sessional 2 Lab/question1/question1.sim/sim_1/behav/xsim'
"xelab -wto 8f67af18b4e94175910e3777e8c1bb63 --incr --debug typical --relax --mt 2 -L xil_defaultlib -L unisims_ver -L unimacro_ver -L secureip --snapshot jk_ff_tb_behav xil_defaultlib.jk_ff_tb xil_defaultlib.glbl -log elaborate.log"
Vivado Simulator 2019.1
Copyright 1986-1999, 2001-2019 Xilinx, Inc. All Rights Reserved.
Running: D:/Embedded/Xilinx-Vivado/Vivado/2019.1/bin/unwrapped/win64.o/xelab.exe -wto 8f67af18b4e94175910e3777e8c1bb63 --incr --debug typical --relax --mt 2 -L xil_defaultlib -L unisims_ver -L unimacro_ver -L secureip --snapshot jk_ff_tb_behav xil_defaultlib.jk_ff_tb xil_defaultlib.glbl -log elaborate.log 
Using 2 slave threads.
Starting static elaboration
Completed static elaboration
INFO: [XSIM 43-4323] No Change in HDL. Linking previously generated obj files to create kernel
INFO: [USF-XSim-69] 'elaborate' step finished in '1' seconds
INFO: [USF-XSim-4] XSim::Simulate design
INFO: [USF-XSim-61] Executing 'SIMULATE' step in 'D:/Academic stuff/MSIS Github/Assignments/ACA/Verilog programs/Sessional 2 Lab/question1/question1.sim/sim_1/behav/xsim'
INFO: [USF-XSim-98] *** Running xsim
   with args "jk_ff_tb_behav -key {Behavioral:sim_1:Functional:jk_ff_tb} -tclbatch {jk_ff_tb.tcl} -log {simulate.log}"
INFO: [USF-XSim-8] Loading simulator feature
Vivado Simulator 2019.1
Time resolution is 1 ps
source jk_ff_tb.tcl
# set curr_wave [current_wave_config]
# if { [string length $curr_wave] == 0 } {
#   if { [llength [get_objects]] > 0} {
#     add_wave /
#     set_property needs_save false [current_wave_config]
#   } else {
#      send_msg_id Add_Wave-1 WARNING "No top level signals found. Simulator will start without a wave window. If you want to open a wave window go to 'File->New Waveform Configuration' or type 'create_wave_config' in the TCL console."
#   }
# }
# run 1000ns
INFO: [USF-XSim-96] XSim completed. Design snapshot 'jk_ff_tb_behav' loaded.
INFO: [USF-XSim-97] XSim simulation ran for 1000ns
launch_simulation: Time (s): cpu = 00:00:11 ; elapsed = 00:00:08 . Memory (MB): peak = 765.074 ; gain = 0.000
close_sim
INFO: [Simtcl 6-16] Simulation closed
exit
INFO: [Common 17-206] Exiting Vivado at Thu Dec 15 16:48:50 2022...
